Determining if the pthread_create exist failed with the following output:
Change Dir: /home/liyubo/Code/PCL-Tutorials/13_IPC/1_iterative_closest_point/cmake-build-debug/CMakeFiles/CMakeTmp

Run Build Command:"/usr/bin/make" "cmTC_77a4c/fast"
/usr/bin/make -f CMakeFiles/cmTC_77a4c.dir/build.make CMakeFiles/cmTC_77a4c.dir/build
make[1]: Entering directory '/home/liyubo/Code/PCL-Tutorials/13_IPC/1_iterative_closest_point/cmake-build-debug/CMakeFiles/CMakeTmp'
Building C object CMakeFiles/cmTC_77a4c.dir/CheckSymbolExists.c.o
/usr/bin/cc    -o CMakeFiles/cmTC_77a4c.dir/CheckSymbolExists.c.o   -c /home/liyubo/Code/PCL-Tutorials/13_IPC/1_iterative_closest_point/cmake-build-debug/CMakeFiles/CMakeTmp/CheckSymbolExists.c
Linking C executable cmTC_77a4c
/home/liyubo/clion-2017.3.3/bin/cmake/bin/cmake -E cmake_link_script CMakeFiles/cmTC_77a4c.dir/link.txt --verbose=1
/usr/bin/cc      -rdynamic CMakeFiles/cmTC_77a4c.dir/CheckSymbolExists.c.o  -o cmTC_77a4c 
CMakeFiles/cmTC_77a4c.dir/CheckSymbolExists.c.o: In function `main':
CheckSymbolExists.c:(.text+0x16): undefined reference to `pthread_create'
collect2: error: ld returned 1 exit status
CMakeFiles/cmTC_77a4c.dir/build.make:97: recipe for target 'cmTC_77a4c' failed
make[1]: *** [cmTC_77a4c] Error 1
make[1]: Leaving directory '/home/liyubo/Code/PCL-Tutorials/13_IPC/1_iterative_closest_point/cmake-build-debug/CMakeFiles/CMakeTmp'
Makefile:126: recipe for target 'cmTC_77a4c/fast' failed
make: *** [cmTC_77a4c/fast] Error 2

File /home/liyubo/Code/PCL-Tutorials/13_IPC/1_iterative_closest_point/cmake-build-debug/CMakeFiles/CMakeTmp/CheckSymbolExists.c:
/* */
#include <pthread.h>

int main(int argc, char** argv)
{
  (void)argv;
#ifndef pthread_create
  return ((int*)(&pthread_create))[argc];
#else
  (void)argc;
  return 0;
#endif
}

Determining if the function pthread_create exists in the pthreads failed with the following output:
Change Dir: /home/liyubo/Code/PCL-Tutorials/13_IPC/1_iterative_closest_point/cmake-build-debug/CMakeFiles/CMakeTmp

Run Build Command:"/usr/bin/make" "cmTC_26173/fast"
/usr/bin/make -f CMakeFiles/cmTC_26173.dir/build.make CMakeFiles/cmTC_26173.dir/build
make[1]: Entering directory '/home/liyubo/Code/PCL-Tutorials/13_IPC/1_iterative_closest_point/cmake-build-debug/CMakeFiles/CMakeTmp'
Building C object CMakeFiles/cmTC_26173.dir/CheckFunctionExists.c.o
/usr/bin/cc   -DCHECK_FUNCTION_EXISTS=pthread_create   -o CMakeFiles/cmTC_26173.dir/CheckFunctionExists.c.o   -c /home/liyubo/clion-2017.3.3/bin/cmake/share/cmake-3.9/Modules/CheckFunctionExists.c
Linking C executable cmTC_26173
/home/liyubo/clion-2017.3.3/bin/cmake/bin/cmake -E cmake_link_script CMakeFiles/cmTC_26173.dir/link.txt --verbose=1
/usr/bin/cc  -DCHECK_FUNCTION_EXISTS=pthread_create    -rdynamic CMakeFiles/cmTC_26173.dir/CheckFunctionExists.c.o  -o cmTC_26173 -lpthreads 
/usr/bin/ld: cannot find -lpthreads
collect2: error: ld returned 1 exit status
CMakeFiles/cmTC_26173.dir/build.make:97: recipe for target 'cmTC_26173' failed
make[1]: *** [cmTC_26173] Error 1
make[1]: Leaving directory '/home/liyubo/Code/PCL-Tutorials/13_IPC/1_iterative_closest_point/cmake-build-debug/CMakeFiles/CMakeTmp'
Makefile:126: recipe for target 'cmTC_26173/fast' failed
make: *** [cmTC_26173/fast] Error 2


